Build started 30/03/2012 09:20:18.
     1>Project "C:\Users\Jim\Gauntlet\Gauntlet\Gauntlet.vcxproj" on node 2 (build target(s)).
     1>InitializeBuildStatus:
         Creating "obj\Debug\Gauntlet.unsuccessfulbuild" because "AlwaysCreate" was specified.
       ClCompile:
         c:\Program Files (x86)\Microsoft Visual Studio 10.0\VC\bin\CL.exe /c /Iinclude /I"C:\Program Files (x86)\OgreSDK_vc10_v1-7-3\include" /I"C:\Program Files (x86)\OgreSDK_vc10_v1-7-3\include\OIS" /I"C:\Program Files (x86)\OgreSDK_vc10_v1-7-3\include\OGRE" /I"C:\Program Files (x86)\OgreSDK_vc10_v1-7-3\Samples\Common\include" /I"C:\Program Files (x86)\OgreSDK_vc10_v1-7-3\boost_1_44" /IC:\hk2011_2_0_r1\Source /ZI /nologo /W3 /WX- /Od /Oy- /D WIN32 /D _DEBUG /D _WINDOWS /D _MBCS /Gm /EHsc /RTC1 /MDd /GS /Gy /fp:fast /Zc:wchar_t /Zc:forScope /GR /Fo"obj\Debug\\" /Fd"obj\Debug\vc100.pdb" /Gd /TP /analyze- /errorReport:prompt src\BaseBlockObject.cpp src\BaseGameEntity.cpp src\BlockFactory.cpp src\BlockManager.cpp src\CompanionCube.cpp src\ContactListener.cpp src\Elevator.cpp src\Gauntlet.cpp src\Physics.cpp src\Player.cpp src\PressurePad.cpp src\UniqueIDGenerator.cpp
         UniqueIDGenerator.cpp
         PressurePad.cpp
     1>c:\users\jim\gauntlet\gauntlet\src\pressurepad.cpp(4): warning C4482: nonstandard extension used: enum 'BaseBlockObject::BLOCKTYPE' used in qualified name
         Player.cpp
     1>c:\users\jim\gauntlet\gauntlet\src\player.cpp(12): warning C4482: nonstandard extension used: enum 'BaseBlockObject::BLOCKTYPE' used in qualified name
         Physics.cpp
         Gauntlet.cpp
     1>c:\users\jim\gauntlet\gauntlet\src\gauntlet.cpp(273): warning C4482: nonstandard extension used: enum 'BaseBlockObject::BLOCKTYPE' used in qualified name
     1>c:\users\jim\gauntlet\gauntlet\src\gauntlet.cpp(274): warning C4482: nonstandard extension used: enum 'BaseBlockObject::BLOCKTYPE' used in qualified name
     1>c:\users\jim\gauntlet\gauntlet\src\gauntlet.cpp(275): warning C4482: nonstandard extension used: enum 'BaseBlockObject::BLOCKTYPE' used in qualified name
     1>c:\users\jim\gauntlet\gauntlet\src\gauntlet.cpp(278): warning C4482: nonstandard extension used: enum 'Elevator::STATE' used in qualified name
         Elevator.cpp
     1>c:\users\jim\gauntlet\gauntlet\src\elevator.cpp(4): warning C4482: nonstandard extension used: enum 'BaseBlockObject::BLOCKTYPE' used in qualified name
     1>c:\users\jim\gauntlet\gauntlet\src\elevator.cpp(65): warning C4482: nonstandard extension used: enum 'Elevator::STATE' used in qualified name
     1>c:\users\jim\gauntlet\gauntlet\src\elevator.cpp(79): warning C4482: nonstandard extension used: enum 'Elevator::STATE' used in qualified name
         ContactListener.cpp
         CompanionCube.cpp
     1>c:\users\jim\gauntlet\gauntlet\src\companioncube.cpp(4): warning C4482: nonstandard extension used: enum 'BaseBlockObject::BLOCKTYPE' used in qualified name
         BlockManager.cpp
         BlockFactory.cpp
         BaseGameEntity.cpp
         BaseBlockObject.cpp
     1>c:\users\jim\gauntlet\gauntlet\src\baseblockobject.cpp(9): warning C4482: nonstandard extension used: enum 'BaseGameEntity::ENTITYTYPE' used in qualified name
     1>c:\users\jim\gauntlet\gauntlet\src\baseblockobject.cpp(11): warning C4244: 'argument' : conversion from 'double' to 'hkReal', possible loss of data
     1>c:\users\jim\gauntlet\gauntlet\src\baseblockobject.cpp(11): warning C4244: 'argument' : conversion from 'double' to 'hkReal', possible loss of data
     1>c:\users\jim\gauntlet\gauntlet\src\baseblockobject.cpp(11): warning C4244: 'argument' : conversion from 'double' to 'hkReal', possible loss of data
     1>c:\users\jim\gauntlet\gauntlet\src\baseblockobject.cpp(18): warning C4244: 'argument' : conversion from 'double' to 'Ogre::Real', possible loss of data
     1>c:\users\jim\gauntlet\gauntlet\src\baseblockobject.cpp(18): warning C4244: 'argument' : conversion from 'double' to 'Ogre::Real', possible loss of data
     1>c:\users\jim\gauntlet\gauntlet\src\baseblockobject.cpp(18): warning C4244: 'argument' : conversion from 'double' to 'Ogre::Real', possible loss of data
     1>c:\users\jim\gauntlet\gauntlet\src\baseblockobject.cpp(157): warning C4482: nonstandard extension used: enum 'BaseGameEntity::ENTITYTYPE' used in qualified name
     1>c:\users\jim\gauntlet\gauntlet\src\baseblockobject.cpp(159): warning C4244: 'argument' : conversion from 'double' to 'hkReal', possible loss of data
     1>c:\users\jim\gauntlet\gauntlet\src\baseblockobject.cpp(159): warning C4244: 'argument' : conversion from 'double' to 'hkReal', possible loss of data
     1>c:\users\jim\gauntlet\gauntlet\src\baseblockobject.cpp(159): warning C4244: 'argument' : conversion from 'double' to 'hkReal', possible loss of data
     1>c:\users\jim\gauntlet\gauntlet\src\baseblockobject.cpp(166): warning C4244: 'argument' : conversion from 'double' to 'Ogre::Real', possible loss of data
     1>c:\users\jim\gauntlet\gauntlet\src\baseblockobject.cpp(166): warning C4244: 'argument' : conversion from 'double' to 'Ogre::Real', possible loss of data
     1>c:\users\jim\gauntlet\gauntlet\src\baseblockobject.cpp(166): warning C4244: 'argument' : conversion from 'double' to 'Ogre::Real', possible loss of data
         Generating Code...
       ResourceCompile:
         C:\Program Files (x86)\Microsoft SDKs\Windows\v7.0A\bin\rc.exe /l"0x0409" /nologo /fo"obj\Debug\Gauntlet.res" res\Gauntlet.rc 
       ManifestResourceCompile:
         C:\Program Files (x86)\Microsoft SDKs\Windows\v7.0A\bin\rc.exe /nologo /fo"obj\Debug\Gauntlet.exe.embed.manifest.res" obj\Debug\Gauntlet_manifest.rc 
       Link:
         c:\Program Files (x86)\Microsoft Visual Studio 10.0\VC\bin\link.exe /ERRORREPORT:PROMPT /OUT:"bin\Debug\\Gauntlet.exe" /INCREMENTAL /NOLOGO /LIBPATH:"C:\Program Files (x86)\OgreSDK_vc10_v1-7-3\lib\debug" /LIBPATH:"C:\Program Files (x86)\OgreSDK_vc10_v1-7-3\boost_1_44\lib" /LIBPATH:C:\hk2011_2_0_r1\Lib\win32_vs2010\debug_multithreaded_dll /LIBPATH:C:\hk2011_2_0_r1\Lib\win32_vs2010\debug_multithreaded OgreMain_d.lib OIS_d.lib hkBase.lib hkCompat.lib hkSceneData.lib hkSerialize.lib hkInternal.lib hkGeometryUtilities.lib hkVisualize.lib hkcdInternal.lib hkpCollide.lib hkpConstraintSolver.lib hkpDynamics.lib hkpInternal.lib hkpUtilities.lib hkpVehicle.lib kernel32.lib user32.lib gdi32.lib winspool.lib comdlg32.lib advapi32.lib shell32.lib ole32.lib oleaut32.lib uuid.lib odbc32.lib odbccp32.lib /MANIFEST /ManifestFile:"obj\Debug\Gauntlet.exe.intermediate.manifest" /MANIFESTUAC:"level='asInvoker' uiAccess='false'" /DEBUG /PDB:"bin\Debug\/Gauntlet.pdb" /SUBSYSTEM:WINDOWS /TLBID:1 /DYNAMICBASE /NXCOMPAT /IMPLIB:"bin\Debug\Gauntlet.lib" /MACHINE:X86 obj\Debug\Gauntlet.res
         obj\Debug\Gauntlet.exe.embed.manifest.res
         obj\Debug\BaseBlockObject.obj
         obj\Debug\BaseGameEntity.obj
         obj\Debug\BlockFactory.obj
         obj\Debug\BlockManager.obj
         obj\Debug\CompanionCube.obj
         obj\Debug\ContactListener.obj
         obj\Debug\Elevator.obj
         obj\Debug\Gauntlet.obj
         obj\Debug\Physics.obj
         obj\Debug\Player.obj
         obj\Debug\PressurePad.obj
         obj\Debug\UniqueIDGenerator.obj
       Manifest:
         C:\Program Files (x86)\Microsoft SDKs\Windows\v7.0A\bin\mt.exe /nologo /verbose /out:"obj\Debug\Gauntlet.exe.embed.manifest" /manifest obj\Debug\Gauntlet.exe.intermediate.manifest
         C:\Program Files (x86)\Microsoft SDKs\Windows\v7.0A\bin\rc.exe /nologo /fo"obj\Debug\Gauntlet.exe.embed.manifest.res" obj\Debug\Gauntlet_manifest.rc 
       LinkEmbedManifest:
         c:\Program Files (x86)\Microsoft Visual Studio 10.0\VC\bin\link.exe /ERRORREPORT:PROMPT /OUT:"bin\Debug\\Gauntlet.exe" /INCREMENTAL /NOLOGO /LIBPATH:"C:\Program Files (x86)\OgreSDK_vc10_v1-7-3\lib\debug" /LIBPATH:"C:\Program Files (x86)\OgreSDK_vc10_v1-7-3\boost_1_44\lib" /LIBPATH:C:\hk2011_2_0_r1\Lib\win32_vs2010\debug_multithreaded_dll /LIBPATH:C:\hk2011_2_0_r1\Lib\win32_vs2010\debug_multithreaded OgreMain_d.lib OIS_d.lib hkBase.lib hkCompat.lib hkSceneData.lib hkSerialize.lib hkInternal.lib hkGeometryUtilities.lib hkVisualize.lib hkcdInternal.lib hkpCollide.lib hkpConstraintSolver.lib hkpDynamics.lib hkpInternal.lib hkpUtilities.lib hkpVehicle.lib kernel32.lib user32.lib gdi32.lib winspool.lib comdlg32.lib advapi32.lib shell32.lib ole32.lib oleaut32.lib uuid.lib odbc32.lib odbccp32.lib /MANIFEST /ManifestFile:"obj\Debug\Gauntlet.exe.intermediate.manifest" /MANIFESTUAC:"level='asInvoker' uiAccess='false'" /DEBUG /PDB:"bin\Debug\/Gauntlet.pdb" /SUBSYSTEM:WINDOWS /TLBID:1 /DYNAMICBASE /NXCOMPAT /IMPLIB:"bin\Debug\Gauntlet.lib" /MACHINE:X86 obj\Debug\Gauntlet.res
         obj\Debug\Gauntlet.exe.embed.manifest.res
         obj\Debug\BaseBlockObject.obj
         obj\Debug\BaseGameEntity.obj
         obj\Debug\BlockFactory.obj
         obj\Debug\BlockManager.obj
         obj\Debug\CompanionCube.obj
         obj\Debug\ContactListener.obj
         obj\Debug\Elevator.obj
         obj\Debug\Gauntlet.obj
         obj\Debug\Physics.obj
         obj\Debug\Player.obj
         obj\Debug\PressurePad.obj
         obj\Debug\UniqueIDGenerator.obj
         Gauntlet.vcxproj -> C:\Users\Jim\Gauntlet\Gauntlet\bin\Debug\Gauntlet.exe
       PostBuildEvent:
         Description: Copying exe to samples bin directory ...
         copy "bin\Debug\\Gauntlet.exe" "C:\Program Files (x86)\OgreSDK_vc10_v1-7-3\Bin\Debug"
         :VCEnd
                 1 file(s) copied.
       FinalizeBuildStatus:
         Deleting file "obj\Debug\Gauntlet.unsuccessfulbuild".
         Touching "obj\Debug\Gauntlet.lastbuildstate".
     1>Done Building Project "C:\Users\Jim\Gauntlet\Gauntlet\Gauntlet.vcxproj" (build target(s)).

Build succeeded.

Time Elapsed 00:01:43.46
