bin\Debug\Gauntlet.ilk
bin\Debug\Gauntlet.pdb
C:\USERS\JIM\DESKTOP\FINALPROBLEM\GAUNTLET\BIN\DEBUG\GAUNTLET.EXE
C:\USERS\JIM\DESKTOP\FINALPROBLEM\GAUNTLET\BIN\DEBUG\GAUNTLET.ILK
C:\USERS\JIM\DESKTOP\FINALPROBLEM\GAUNTLET\BIN\DEBUG\GAUNTLET.PDB
C:\USERS\JIM\DESKTOP\FINALPROBLEM\GAUNTLET\OBJ\DEBUG\CONTACTLISTENER.OBJ
C:\USERS\JIM\DESKTOP\FINALPROBLEM\GAUNTLET\OBJ\DEBUG\GAUNTLET.EXE.EMBED.MANIFEST
C:\USERS\JIM\DESKTOP\FINALPROBLEM\GAUNTLET\OBJ\DEBUG\GAUNTLET.EXE.EMBED.MANIFEST.RES
C:\USERS\JIM\DESKTOP\FINALPROBLEM\GAUNTLET\OBJ\DEBUG\GAUNTLET.EXE.INTERMEDIATE.MANIFEST
C:\USERS\JIM\DESKTOP\FINALPROBLEM\GAUNTLET\OBJ\DEBUG\GAUNTLET.OBJ
C:\USERS\JIM\DESKTOP\FINALPROBLEM\GAUNTLET\OBJ\DEBUG\GAUNTLET.RES
C:\USERS\JIM\DESKTOP\FINALPROBLEM\GAUNTLET\OBJ\DEBUG\PHYSICS.OBJ
C:\USERS\JIM\DESKTOP\FINALPROBLEM\GAUNTLET\OBJ\DEBUG\VC100.PDB
C:\USERS\JIM\GAUNTLET\GAUNTLET\BIN\DEBUG\GAUNTLET.EXE
C:\USERS\JIM\GAUNTLET\GAUNTLET\BIN\DEBUG\GAUNTLET.ILK
C:\USERS\JIM\GAUNTLET\GAUNTLET\BIN\DEBUG\GAUNTLET.PDB
C:\Users\Jim\Gauntlet\Gauntlet\obj\Debug\cl.command.1.tlog
C:\Users\Jim\Gauntlet\Gauntlet\obj\Debug\CL.read.1.tlog
C:\Users\Jim\Gauntlet\Gauntlet\obj\Debug\CL.write.1.tlog
C:\USERS\JIM\GAUNTLET\GAUNTLET\OBJ\DEBUG\CONTACTLISTENER.OBJ
C:\Users\Jim\Gauntlet\Gauntlet\obj\Debug\Gauntlet.exe.embed.manifest
C:\USERS\JIM\GAUNTLET\GAUNTLET\OBJ\DEBUG\GAUNTLET.EXE.EMBED.MANIFEST.RES
C:\USERS\JIM\GAUNTLET\GAUNTLET\OBJ\DEBUG\GAUNTLET.EXE.INTERMEDIATE.MANIFEST
C:\USERS\JIM\GAUNTLET\GAUNTLET\OBJ\DEBUG\GAUNTLET.OBJ
C:\USERS\JIM\GAUNTLET\GAUNTLET\OBJ\DEBUG\GAUNTLET.RES
C:\Users\Jim\Gauntlet\Gauntlet\obj\Debug\Gauntlet_manifest.rc
C:\Users\Jim\Gauntlet\Gauntlet\obj\Debug\link.4016.read.1.tlog
C:\Users\Jim\Gauntlet\Gauntlet\obj\Debug\link.4016.write.1.tlog
C:\Users\Jim\Gauntlet\Gauntlet\obj\Debug\link.4016-cvtres.read.1.tlog
C:\Users\Jim\Gauntlet\Gauntlet\obj\Debug\link.4016-cvtres.write.1.tlog
C:\Users\Jim\Gauntlet\Gauntlet\obj\Debug\link.command.1.tlog
C:\Users\Jim\Gauntlet\Gauntlet\obj\Debug\link.read.1.tlog
C:\Users\Jim\Gauntlet\Gauntlet\obj\Debug\link.write.1.tlog
C:\Users\Jim\Gauntlet\Gauntlet\obj\Debug\link-cvtres.read.1.tlog
C:\Users\Jim\Gauntlet\Gauntlet\obj\Debug\link-cvtres.write.1.tlog
C:\Users\Jim\Gauntlet\Gauntlet\obj\Debug\mt.command.1.tlog
C:\Users\Jim\Gauntlet\Gauntlet\obj\Debug\mt.read.1.tlog
C:\Users\Jim\Gauntlet\Gauntlet\obj\Debug\mt.write.1.tlog
C:\USERS\JIM\GAUNTLET\GAUNTLET\OBJ\DEBUG\PHYSICS.OBJ
C:\USERS\JIM\GAUNTLET\GAUNTLET\OBJ\DEBUG\PLAYER.OBJ
C:\Users\Jim\Gauntlet\Gauntlet\obj\Debug\rc.command.1.tlog
C:\Users\Jim\Gauntlet\Gauntlet\obj\Debug\rc.read.1.tlog
C:\Users\Jim\Gauntlet\Gauntlet\obj\Debug\rc.write.1.tlog
C:\Users\Jim\Gauntlet\Gauntlet\obj\Debug\vc100.idb
C:\USERS\JIM\GAUNTLET\GAUNTLET\OBJ\DEBUG\VC100.PDB
